[    0.000000] Initializing cgroup subsys cpuset
[    0.000000] Initializing cgroup subsys cpu
[    0.000000] Initializing cgroup subsys cpuacct
[    0.000000] Linux version 4.4.0-165-generic (buildd@lgw01-amd64-027) (gcc version 5.4.0 20160609 (Ubuntu 5.4.0-6ubuntu1~16.04.10) ) #193-Ubuntu SMP Tue Sep 17 17:42:52 UTC 2019 (Ubuntu 4.4.0-165.193-generic 4.4.189)
[    0.000000] Command line: BOOT_IMAGE=/boot/vminuz.40-65-generic root=UUID=1a0beaed-a559-4469-8ec4-88bb12be8081 ro console=tty1 console=ttyS0
[    0.000000] KERNEL supported cpus:
[    0.000000]  te GenuineIntel
[    0.000000]   AMD AuthenticAMD
[    0.000000]   Centaur CentaurHauls
[    0.000000] x86/fpu: xstate_offset[2]:  576, xstate_sizes[2]:  256
[    0.000000] x86/fpu: Supporting XSAVE feature 0x01: 'x87 floating point registers'
[    0.000000] x86/fpu: Supporting XSAVE feature 0x02: 'SSE registers'
[    0.000000] x86/fpu: Supporting XSAVE feature 0x04: 'AVX registers'
[    0.000000] x86/fpu: Enabled xstate features 0x7, context size is 832 bytes, using 'standard' format.
[    0.000000] e820: BIOS-provided physical RAM map:
[    0.000000] BIOS-e820: [mem 0x0000000000000000-0x000000000009fbff] usable
[    0.000000] BIOS-e820: [mem 0x000000000009fc00-0x000000000009ffff] reserved
[    0.000000] BIOS-e820: [mem 0x00000000000f0000-0x00000000000fffff] reserved
[    0.000000]] BIOS-e820: [mem 0x0000000000100000-0x000000003ffeffff] usable
[    0.000000] BIOS-e820: [mem 0x000000003fff0000-0x000000003fffffff] ACPI data
[    0.000000] BIOS-e820: [mem 0x00000000fec00000-0x00000000fec00fff] reserved
[    0.000000] BIOS-e820: [mem 0x00000000fee00000-0x00000000fee00fff] reserved
[    0.000000] BIOS-e820: [mem 0x00000000fffc0000-0x00000000ffffffff] reserved
[    0.000000] NX (Execute Disable) protection: active
[    0.000000] SMBIOS 2.5 present.
[    0.000000] Hypervisor detected: KVM
[    0.000000] e820: last_pfn = 0x3fff0 max_arch_pfn = 0x400000000
[    0.000000] MTRR: Disabled
[    0.000000] x86/PAT: MTRRs disabled, skipping PAT initialization too.
[    0.000000] CPU MTRRs all blank - virtualized system.
[    0.000000] x86/PAT: Configuration [0-7]: WB  WT  UC- UC  WB  WT  UC- UC  
[    0.000000] found SMP MP-table at [mem 0x0009fff0-0x0009ffff] mapped at [ffff88000009fff0]
[    0.000000] Scanning 1 areas for low memory corruption
[    0.000000] RAMDISK: [mem 0x361d4000-0x370e1fff]
[    0.000000] ACPI: Early table checksum verification disabled
[    0.000000] ACPI: RSDP 0x00000000000E0000 000024 (v02 VBOX  )
[    0.000000] ACPI: XSDT 0x000000003FFF0030 00003C (v01 VBOX   VBOXXSDT 00000001 ASL  00000061)
[    0.000000] ACPI: FACP 0x000000003FFF00F0 0000F4 (v04 VBOX   VBOXFACP 00000001 ASL  00000061)
[    0.000000] ACPI: DSDT 0x000000003FFF0470 0021FF (v02 VBOX   VBOXBIOS 00000002 INTL 20180105)
[    0.000000] ACPI: FACS 0x000000003FFF0200 000040
[    0.000000] ACPI: FACS 0x000000003FFF0200 000040
[    0.000000] ACPI: APIC 0x000000003FFF0240 00005C (v02 VBOX   VBOXAPIC 00000001 ASL  00000061)
[    0.000000] ACPI: SSDT 0x000000003FFF02A0 0001CC (v01 VBOX   VBOXCPUT 00000002 INTL 20180105)
[    0.000000] No NUMA configuration found
[    0.000000] Faking a node at [mem 0x0000000000000000-0x000000003ffeffff]
[    0.000000] NODE_DATA(0) allocated [mem 0x3ffeb000-0x3ffeffff]
[    0.000000] kvm-clock: Using msrs 4b564d01 and 4b564d00
[    0.000000] kvm-clock: cpu 0, msr 0:3ffe3001, primary cpu clock
[    0.000000] kvm-clock: using sched offset of 3234924005 cycles
[    0.000000] clocksource: kvm-clock: mask: 0xffffffffffffffff max_cycles: 0x1cd42e4dffb, max_idle_ns: 881590591483 ns
[    0.000000] Zone ranges:
[    0.000000]   DMA      [mem 0x0000000000001000-0x0000000000ffffff]
[    0.000000]   DMA32    [mem 0x0000000001000000-0x000000003ffeffff]
[    0.000000]   Normal   empty
[    0.000000]   Device   empty
[    0.000000] Movable zone start for each node
[    0.000000] Early memory node ranges
[    0.000000]   node   0: [mem 0x0000000000001000-0x000000000009efff]
[    0.000000]   node   0: [mem 0x0000000000100000-0x000000003ffeffff]
[    0.000000] Initmem setup node 0 [mem 0x0000000000001000-0x000000003ffeffff]
[    0.000000] ACPI: PM-Timer IO Port: 0x4008
[    0.000000] IOAPIC[0]: apic_id 2, version 32, address 0xfec00000, GSI 0-23
[    0.000000] ACPI: INT_SRC_OVR (bus 0 bus_irq 0 global_irq 2 dfl dfl)
[    0.000000] ACPI: INT_SRC_OVR (bus 0 bus_irq 9 global_irq 9 low level)
[    0.000000] Using ACPI (MADT) for SMP configuration information
[    0.000000] smpboot: Allowing 2 CPUs, 0 hotplug CPUs
[    0.000000] PM: Registered nosave memory: [mem 0x00000000-0x00000fff]
[    0.000000] PM: Registered nosave memory: [mem 0x0009f000-0x0009ffff]
[    0.000000] PM: Registered nosave memory: [mem 0x000a0000-0x000effff]
[    0.000000] PM: Registered nosave memory: [mem 0x000f0000-0x000fffff]
[    0.000000] e820: [mem 0x40000000-0xfebfffff] available for PCI devices
[    0.000000] Booting paravirtualized kernel on KVM
[    0.000000] clocksource: refined-jiffies: mask: 0xffffffff max_cycles: 0xffffffff, max_idle_ns: 7645519600211568 ns
[    0.000000] setup_percpu: NR_CPUS:512 nr_cpumask_bits:512 nr_cpu_ids:2 nr_node_ids:1
[    0.000000] PERCPU: Embedded 34 pages/cpu @ffff88003fc00000 s99544 r8192 d31528 u1048576
[    0.000000] Built 1 zonelists in Node order, mobility grouping on.  Total pages: 257912
[    0.000000] Policy zone: DMA32
[    0.000000] Kernel command line: BOOT_IMAGE=/boot/vmlinuz-4.4.0-165-generic root=UUID=1a0beaed-a559-4469-8ec4-88bb12be8081 ro console=tty1 console=ttyS0
[    0.000000] PID hash table entries: 4096 (order: 3, 32768 bytes)
[    0.000000] Memory: 997144K/1048120K available (8621K kernel code, 1335K rwdata, 4032K rodata, 1484K init, 1284K bss, 50976K reserved, 0K cma-reserved)
[    0.000000] SLUB: HWalign=64, Order=0-3, MinObjects=0, CPUs=2, Nodes=1
[    0.000000] Kernel/User page tables isolation: enabled
[    0.000000] Hierarchical RCU implementation.
[    0.000000] 	Build-time adjustment of leaf fanout to 64.
[    0.000000] 	RCU restricting CPUs from NR_CPUS=512 to nr_cpu_ids=2.
[    0.000000] RCU: Adjustingeometry for rcu_fanout_leaf=64, nr_cpu_ids=2
[    0.000000] NR_IRQS:33024 nr_irqs:440 16
[    0.000000] Console: colour VGA+ 80x25
[    0.000000] console [tty1] enabled
[    0.000000] console [ttyS0] enabled
[    0.000000] tsc: Detected 2399.998 MHz processor
[    0.276793] Calibrating delay loop (skipped) preset value.. 4799.99 BogoMIPS (lpj=9599992)
[    0.278226] pid_max: default: 32768 minimum: 301
[    0.278997] ACPI: Core revision 20150930
[    0.280364] ACPI: 2 ACPI AML tables successfully acuired and loaded
[    0.301207] Security Framework initialized
[    0.301939] Yama: becoming mindful.
[    0.302587] AppArmor: AppArmor initialized
[    0.303350] Dentry cache hash table entries: 131072 (order: 8, 1048576 bytes)
[    0.304902] Inode-cache hash table entries: 65536 (order: 7, 524288 bytes)
[    0.306040] Mount-cache hash table entries: 2048 (order: 2, 16384 bytes)
[    0.307079] Mountpoint-cache hash table entries: 2048 (order: 2, 16384 bytes)
[    0.308292] Initializing cgroup subsys io
[    0.309000] Initializing cgroup subsys memory
[    0.309775] Initializing cgroup subsys devices
[    0.310550] Initializing cgroup subsys freezer
[    0.311327] Initializing cgroup subsys net_cls
[    0.312085] Initializing cgroup subsys perf_event
[    0.312863] Initializing cgroup subsys net_prio
[    0.313615] Initializing cgroup subsys hugetlb
[    0.314384] Initializing cgroup subsys pids
[    0.316421] mce: CPU supports 0 MCE banks
[    0.317170] Last level iTLB entries: 4KB 64, 2MB 8, 4MB 8
[    0.318061] Last level dTLB entries: 4KB 64, 2MB 0, 4MB 0, 1GB 4
[    0.319015] Spectre V1 : Mitigation: usercopy/swapgs barriers and __user pointer sanitization
[    0.320438] Spectre V2 : Mitigation: Full generic retpoline
[    0.321390] Spectre V2 : Spectre v2 / SpectreRSB mitigation: Filling RSB on context switch
[    0.328103] Speculative Store Bypass: Vulnerable
[    0.328937] MDS: Mitigation: Clear CPU buffers
[    0.331607] Freeing SMP alternatives memory: 36K
[    0.338256] ftrace: allocating 32318 entries in 127 pages
[    0.384442] smpboot: APIC(0) Converting physical 0 to logical package 0
[    0.385520] smpboot: Max logical packages: 1
[    0.386466] x2apic enabled
[    0.387163] Switched APIC routing to physical x2apic.
[    0.392917] ..TIMER: vector=0x30 apic1=0 pin1=2 apic2=-1 pin2=-1
[    0.499930] smpboot: CPU0: Intel(R) Core(TM) i7-7560U CPU @ 2.40GHz (family: 0x6, model: 0x8e, stepping: 0x9)
[    0.501722] Performance Events: unsupported p6 CPU model 142 no PMU driver, software events only.
[    0.511001] KVM setup paravirtual spinlock
[    0.517780] x86: Booting SMP configuration:
[    0.518528] .... node  #0, CPUs:      #1
[    0.524613] kvm-clock: cpu 1, msr 0:3ffe3041, secondary cpu clock
[    0.526453] mce: CPU supports 0 MCE banks
[    0.528984] x86: Booted up 1 node, 2 CPUs
[    0.529836] smpboot: Total of 2 processors activated (9599.99 BogoMIPS)
[    0.531213] devtmpfs: initialized
[    0.533376] evm: security.selinux
[    0.534012] evm: security.SMACK64
[    0.539951] evm: security.SMACK64EXEC
[    0.540611] evm: security.SMACK64TRANSMUTE
[    0.541317] evm: security.SMACK64MMAP
[    0.541981] evm: security.ima
[    0.542546] evm: security.capability
[    0.543402] clocksource: jiffies: mask: 0xffffffff max_cycles: 0xffffffff, max_idle_ns: 7645041785100000 ns
[    0.545074] futex hash table entries: 512 (order: 3, 32768 bytes)
[    0.546155] pinctrl core: initialized pinctrl subsystem
[    0.547097] RTC time:  7:06:05, date: 10/20/19
[    0.547991] NET: Registered protocol family 16
[    0.560345] cpuidle: using governor ladder
[    0.576464] cpuidle: using governor menu
[    0.577204] PCCT header not found.
[    0.577953] ACPI: bus type PCI registered
[    0.578698] acpiphp: ACPI Hot Plug PCI Controller Driver version: 0.5
[    0.579921] PCI: Using configuration type 1 for base access
[    0.592323] ACPI: Added _OSI(Module Device)
[    0.593247] ACPI: Added _OSI(Processor Device)
[    0.596578] ACPI: Added _OSI(3.0 _SCP Extensions)
[    0.597339] ACPI: Added _OSI(Processor Aggregator Device)
[    0.599154] ACPI: Executed 1 blocks of module-level executable AML code
[    0.603524] ACPI: Interpreter enabled
[    0.604227] ACPI: (supports S0 S5)
[    0.610253] ACPI: Using IOAPIC for interrupt routing
[    0.622199] PCI: Using host bridge windows from ACPI; if necessary, use "pci=nocrs" and report a bug
[    0.627307] ACPI: PCI Root Bridge [PCI0] (domain 0000 [bus 00-ff])
[    0.628184] acpi PNP0A03:00: _OSC: OS supports [ASPM ClockPM Segments MSI]
[    0.629073] acpi PNP0A03:00: _OSC: not requesting OS control; OS requires [ExtendedConfig ASPM ClockPM MSI]
[    0.630530] acpi PNP0A03:00: fail to add MMCONFIG information, can't access extended PCI configuration space under this bridge.
[    0.638060] PCI host bridge to bus 0000:00
[    0.638698] pci_bus 0000:00: root bus resource [io  0x0000-0x0cf7 window]
[    0.639588] pci_bus 0000:00: root bus resource [io  0x0d00-0xffff window]
[    0.640461] pci_bus 0000:00: root bus resource [mem 0x000a0000-0x000bffff window]
[    0.641545] pci_bus 0000:00: root bus resource [mem 0x40000000-0xfdffffff window]
[    0.642638] pci_bus 0000:00: root bus resource [bus 00-ff]
[    0.644726] pci 0000:00:01.1: legacy IDE quirk: reg 0x10: [io  0x01f0-0x01f7]
[    0.645849] pci 0000:00:01.1: legacy IDE quirk: reg 0x14: [io  0x03f6]
[    0.652105] pci 0000:00:01.1: legacy IDE quirk: reg 0x18: [io  0x0170-0x0177]
[    0.653212] pci 0000:00:01.1: legacy IDE quirk: reg 0x1c: [io  0x0376]
[    0.679300] pci 0000:00:07.0: quirk: [io  0x4000-0x403f] claimed by PIIX4 ACPI
[    0.680648] pci 0000:00:07.0: quirk: [io  0x4100-0x410f] claimed by PIIX4 SMB
[    0.689088] ACPI: PCI Interrupt Link [LNKA] (IRQs 5 9 10 *11)
[    0.690396] ACPI: PCI Interrupt Link [LNKB] (IRQs 5 9 *10 11)
[    0.691495] ACPI: PCI Interrupt Link [LNKC] (IRQs 5 *9 10 11)
[    0.692619] ACPI: PCI Interrupt Link [LNKD] (IRQs 5 9 10 *11)
[    0.693761] ACPI: Enabled 2 GPEs in block 00 to 07
[    0.694811] vgaarb: setting as boot device: PCI:0000:00:02.0
[    0.695664] vgaarb: device added: PCI:0000:00:02.0,decodes=io+mem,owns=io+mem,locks=none
[    0.696899] vgaarb: loaded
[    0.697361] vgaarb: bridge control possible 0000:00:02.0
[    0.705249] SCSI subsystem initialized
[    0.706265] ACPI: bus type USB registered
[    0.707145] usbcore: registered new interface driver usbfs
[    0.707959] usbcore: registered new interface driver hub
[    0.708685] usbcore: registered new device driver usb
[    0.709882] PCI: Using ACPI for IRQ routing
[    0.712713] NetLabel: Initializing
[    0.713324] NetLabel:  domain hash size = 128
[    0.714058] NetLabel:  protocols = UNLABELED CIPSOv4
[    0.715997] NetLabel:  unlabeled traffic allowed by default
[    0.720785] amd_nb: Cannot enumerate AMD northbridges
[    0.721636] clocksource: Switched to clocksource kvm-clock
[    0.727532] AppArmor: AppArmor Filesystem Enabled
[    0.733735] pnp: PnP ACPI init
[    0.734838] pnp: PnP ACPI: found 3 devices
[    0.742983] clocksource: acpi_pm: mask: 0xffffff max_cycles: 0xffffff, max_idle_ns: 2085701024 ns
[    0.775325] NET: Registered protocol family 2
[    0.776299] TCP established hash table entries: 8192 (order: 4, 65536 bytes)
[    0.777543] TCP bind hash table entries: 8192 (order: 5, 131072 bytes)
[    0.785121] TCP: Hash tables configured (established 8192 bind 8192)
   0.786184] UDP hash table entries: 512 (order: 2, 16384 bytes)
[    0.836190] UDP-Lite hash table entries: 512 (order: 2, 16384 bytes)
[    0.837131] NET: Registered protocol family 1
[    0.838289] pci 0000:00:00.0: Limiting direct PCI/PCI transfers
[    0.839842] pci 0000:00:01.0: Activating ISA DMA hang workarounds
[    0.841177] Unpacking initramfs...

[    1.046769] Freeing initrd memory: 15416K
[    1.098494] clocksource: tsc: mask: 0xffffffffffffffff max_cycles: 0x229835b7123, max_idle_ns: 440795242976 ns
[    1.100401] platform rtc_cmos: registered platform RTC device (no PNP device found)
[    1.101932] Scanning for low memory corruption every 60 seconds
[    1.103531] audit: initializing netlink subsys (disabled)
[    1.104833] audit: type=2000 audit(1571555170.473:1): initialized
[    1.106078] Initialise system trusted keyring
[    1.107014] HugeTLB registered 2 MB page size, pre-allocated 0 pages
[    1.109071] zbud: loaded
[    1.109885] VFS: Disk quotas dquot_6.6.0
[    1.110845] VFS: Dquot-cache hash table entries: 512 (order 0, 4096 bytes)
[    1.119543] squashfs: version 4.0 (2009/01/31) Phillip Lougher
[    1.120679] fuse init (API version 7.23)
[    1.121470] Key type big_key registered
[    1.122205] Allocating IMA MOK and blacklist keyrings.
[    1.123690] Key type asymmetric registered
[    1.124477] Asymmetric key parser 'x509' registered
[    1.125605] Block layer SCSI generic (bsg) driver version 0.4 loaded (major 249)
[    1.127034] io scheduler noop registered
[    1.127714] io scheduler deadline registered (default)
[    1.128564] io scheduler cfq registered
[    1.129307] pci_hotplug: PCI Hot Plug PCI Core version: 0.5
[    1.130226] pciehp: PCI Express Hot Plug Controller Driver version: 0.4
[    1.131355] ACPI: AC Adapter [AC] (off-line)
[    1.132390] input: Power Button as /devices/LNXSYSTM:00/LNXPWRBN:00/input/input0
[    1.139366] ACPI: Power Button [PWRF]
[    1.140311] input: Sleep Button as /devices/LNXSYSTM:00/LNXSLPBN:00/input/input1
[    1.141576] ACPI: Sleep Button [SLPF]
[    1.143888] GHES: HEST is not enabled!
[    1.145065] ACPI: Battery Slot [BAT0] (battery present)
[    1.145675] Serial: 8250/16550 driver, 32 ports, IRQ sharing enabled
[    1.167270] 00:02: ttyS0 at I/O 0x3f8 (irq = 4, base_baud = 115200) is a 16550A
[    1.178978] Linux agpgart interface v0.103
[    1.244025] loop: module loaded
[    1.244987] scsi host0: ata_piix
[    1.245586] scsi host1: ata_piix
[    1.246191] ata1: PATA max UDMA/33 cmd 0x1f0 ctl 0x3f6 bmdma 0xd000 irq 14
[    1.247107] ata2: PATA max UDMA/33 cmd 0x170 ctl 0x376 bmdma 0xd008 irq 15
[    1.248122] libphy: Fixed MDIO Bus: probed
[    1.249845] tun: Universal TUN/TAP device driver, 1.6
[    1.250535] tun: (C) 1999-2004 Max Krasnyansky <maxk@qualcomm.com>
[    1.251363] PPP generic driver version 2.4.2
[    1.252016] ehci_hcd: USB 2.0 'Enhanced' Host Controller (EHCI) Driver
[    1.252853] ehci-pci: EHCI PCI platform driver
[    1.253530] ehci-platform: EHCI generic platform driver
[    1.254326] ohci_hcd: USB 1.1 'Open' Host Controller (OHCI) Drivr
[    1.276849] ohci-pci: OHCI PCI platform driver
[    1.277712] ohci-platform: OHCI generic platform driver
[    1.278703] uhci_hcd: USB Universal Host Controller Interface driver
[    1.279788] i8042: PNP: PS/2 Controller [PNP0303:PS2K,PNP0f03:PS2M] at 0x60,0x64 irq 1,12
[   .281665] serio: i8042 KBD port at 0x60,0x64 irq 1
[    1325247]serio: i8042 AUXport at 0x60,0x64 irq 12
[    1.403818] mousedev: PS/2 mouse device common for all mice
[    1.40517 input: AT Translated Set 2 keyboard as /devices/platform/8042/serio0input/input2

[    1.503997] rtc_cmos rtc_cmos: rtc core: registered tcmos as rtc0

[    1.593617] rtc_cmos rtc_cmos: alarms up to one day, 114 bytes nvram
[    1.594590] i2c /dev entries driver
[    1.595271] device-mapper: uevent: version 1.0.3
[    1.596063] device-mapper: ioctl: 4.34.0-ioctl (2015-10-28) initialised: dm-devel@redhat.com
[    159748] dtrig-cpu: registered to indicate activity on CPUs

[    1.683142] NET: Registered protocol family 10
[    1.684895] NET: Registered protocol family 17
[    1.685930] Key type dns_resolver registered
[    1.687407] registered taskstats version 1
[    1.698458] Loading compiled-in X.509 certificates
[    1.716963] Loaded X.509 cert 'Build time autogenerated kernel key: 0ed82eac04367aa6426493b1389455ebf6830eaa'
[    1.718815] zswap: loaded using pool lzo/zbud
[    1.753678] Key type trusted registered
[    1.766936] Key type encrypted registered
[    1.794012] AppArmor: AppArmor sha1 policy hashing enabled
[    1.794983] ima: No TPM chip found, activating TPM-bypass!
[    1.830536] ima: Allocated hash algorithm: sha1
[    1.831382] evm: HMAC attrs: 0x1
[    1.832564]   Magic number: 7:333:117
[    1.833573] rtc_cmos rtc_cmos: setting system clock to 2019-10-20 07:06:07 UTC (1571555167)
[    1.835382] BIOS EDD facility v0.16 2004-Jun-25, 0 devices found
[    1.836470] EDD information not available.
[    1.838275] Freeing unused kernel memory: 1484K
[    1.849708] Write protecting the kernel read-only data: 14336k
[    1.884490] Freeing unused kernel memory: 1608K
[    1.885405] Freeing unused kernel memory: 64K
Loading, please wait...
starting version[    1.897018] random: systemd-udevd: uninitialized urandom read (16 bytes read, 3 bits of entropy available)
 229
[    1.897489] random: udevadm: uninitialized urandom read (16 bytes read, 3 bits of entropy available)
[    1.897505] random: udevadm: uninitialized urandom read (16 bytes read, 3 bits of entropy available)
[    1.904500] random: udevadm: uninitialized urandom read (16 bytes read, 3 bits of entropy available)
[    1.904532] random: udevadm: uninitialized urandom read (16 bytes read, 3 bits of entropy available)
[    1.904628] random: udevadm: uninitialized urandom read (16 bytes read, 3 bits of entropy available)
[    1.904663] random: udevadm: uninitialized urandom read (16 bytes read, 3 bits of entropy available)
[    1.904697] random: udevadm: uninitialized urandom read (16 bytes read, 3 bits of entropy available)
[    1.904734] random: udevadm: uninitialized urandom read (16 bytes read, 3 bits of entropy available)
[    1.904767] random: udevadm: uninitialized urandom read (16 bytes read, 3 bits of entropy available)
[    1.991688] e1000: Intel(R) PRO/1000 Network Driver - version 7.3.21-k8-NAPI
[    1.993022] e1000: Copyright (c) 1999-2006 Intel Corporation.
[    2.004106] Fusion MPT base driver 3.04.20
[    2.004890] Copyright (c) 1999-2008 LSI Corporation
[    2.017281] AVX2 version of gcm_enc/dec engaged.
[    2.019432] AES CTR mode by8 optimization enabled
[    2.020654] [drm] Initialized drm 1.1.0 20060810
[    2.024190] Fusion MPT SPI Host driver 3.04.20
[    2.051107] vboxvideo: loading out-of-tree module taints kernel.
[    2.052196] vboxvideo: module verification failed: signature and/or required key missing - tainting kernel
[    2.214815] input: ImExPS/2 Generic Explorer Mouse as /devices/platform/i8042/serio1/input/input4
[    2.350081] e1000 0000:00:03.0 eth0: (PCI:33MHz:32-bit) 02:46:62:72:a1:53
[    2.354433] e1000 0000:00:03.0 eth0: Intel(R) PRO/1000 Network Connection
[    2.701253] e1000 0000:00:08.0 eth1: (PCI:33MHz:32-bit) 08:00:27:71:ff:36
[    2.713821] e1000 0000:00:08.0 eth1: Intel(R) PRO/1000 Network Connection
[    2.716019] e1000 0000:00:08.0 enp0s8: renamed from eth1
[    2.722967] mptbase: ioc0: Initiating bringup
[    2.737919] e1000 0000:00:03.0 enp0s3: renamed from eth0
[    2.789863] ioc0: LSI53C1030 A0: Capabilities={Initiator}
[    2.951095] scsi host2: ioc0: LSI53C1030 A0, FwRev=00000000h, Ports=1, MaxQ=256, IRQ=20
[    3.063343] [drm] VRAM 01000000
[    3.067858] scsi 2:0:0:0: Direct-Access     VBOX     HARDDISK         1.0  PQ: 0 ANSI: 5
[    3.069591] scsi target2:0:0: Beginning Domain Validation
[    3.071313] [TTM] Zone  kernel: Available graphics memory: 507876 kiB
[    3.083406] [TTM] Initializing pool allocator
[    3.084429] [TTM] Initializing DMA pool allocator
[    3.085519] scsi target2:0:0: Domain Validation skipping write tests
[    3.088086] scsi target2:0:0: Ending Domain Validation
[    3.090267] scsi target2:0:0: asynchronous
[    3.092933] scsi 2:0:1:0: Direct-Access     VBOX     HARDDISK         1.0  PQ: 0 ANSI: 5
[    3.095871] fbcon: vboxdrmfb (fb0) is primary device
[    3.101800] scsi target2:0:1: Beginning Domain Validation
[    3.102981] scsi target2:0:1: Domain Validation skipping write tests
[    3.102983] scsi target2:0:1: Ending Domain Validation
[    3.103022] scsi target2:0:1: asynchronous
[    3.105174] Console: switching to colour frame buffer device 100x37
[    3.108027] sd 2:0:0:0: [sda] 20971520 512-byte logical blocks: (10.7 GB/10.0 GiB)
[    3.108029] sd 2:0:0:0: Attached scsi generic sg0 type 0
[    3.108189] sd 2:0:0:0: [sda] Write Protect is off
[    3.108283] sd 2:0:0:0: [sda] Incomplete mode parameter data
[    3.108284] sd 2:0:0:0: [sda] Assuming drive cache: write through
[    3.108388] sd 2:0:1:0: [sdb] 20480 512-byte logical blocks: (10.5 MB/10.0 MiB)
[    3.108495] sd 2:0:1:0: [sdb] Write Protect is off
[    3.108592] sd 2:0:1:0: [sdb] Incomplete mode parameter data
[    3.108593] sd 2:0:1:0: [sdb] Assuming drive cache: write through
[    3.108850] sd 2:0:1:0: Attached scsi generic sg1 type 0
[    3.109467]  sda: sda1
[    3.110085] sd 2:0:0:0: [sda] Attached SCSI disk
[    3.110459] sd 2:0:1:0: [sdb] Attached SCSI disk
[    3.180577] vboxvideo 0000:00:02.0: fb0: vboxdrmfb frame buffer device
[    3.201716] [drm] Initialized vboxvideo 1.0.0 20130823 for 0000:00:02.0 on minor 0
Begin: Loading essential drivers ... [    3.259504] md: linear personality registered for level -1
[    3.279100] md: multipath personality registered for level -4
[    3.283281] md: raid0 personality registered for level 0
[    3.294687] md: raid1 personality registered for level 1
[    3.369693] raid6: sse2x1   gen()  7154 MB/s
[    3.441667] raid6: sse2x1   xor()  7604 MB/s
[    3.509654] raid6: sse2x2   gen() 14413 MB/s
[    3.581653] raid6: sse2x2   xor() 11062 MB/s
[    3.649685] raid6: sse2x4   gen() 16317 MB/s
[    3.717653] raid6: sse2x4   xor() 12615 MB/s
[    3.785671] raid6: avx2x1   gen() 25128 MB/s
[    3.853654] raid6: avx2x2   gen() 28720 MB/s
[    3.921656] raid6: avx2x4   gen() 31681 MB/s
[    3.922330] raid6: using algorithm avx2x4 gen() 31681 MB/s
[    3.923044] raid6: using avx2x2 recovery algorithm
[    3.924538] xor: automatically using best checksumming function:
[    3.961652]    avx       : 27817.000 MB/sec
[    3.963378] async_tx: api initialized (async)
[    3.971737] md: raid6 personality registered for level 6
[    3.972636] md: raid5 personality registered for level 5
[    3.973540] md: raid4 personality registered for level 4
[    3.979280] md: raid10 personality registered for level 10
done.
Begin: Running /scripts/init-premount ... done.
Begin: Mounting root file system ... Begin: Running /scripts/local-top ... done.
Begin: Running /scripts/local-premount ... [    4.003674] Btrfs loaded
Scanning for Btrfs filesystems
done.
Warning: fsck no[    4.026161] EXT4-fs (sda1): mounted filesystem with ordered data mode. Opts: (null)
t present, so skipping root file system
done.
Begin: Running /scripts/local-bottom ... done.
Begin: Running /scripts/init-bottom ... done.
[    4.143485] systemd[1]: systemd 229 running in system mode. (+PAM +AUDIT +SELINUX +IMA +APPARMOR +SMACK +SYSVINIT +UTMP +LIBCRYPTSETUP +GCRYPT +GNUTLS +ACL +XZ -LZ4 +SECCOMP +BLKID +ELFUTILS +KMOD -IDN)
[    4.146386] systemd[1]: Detected virtualization oracle.
[    4.147264] systemd[1]: Detected architecture x86-64.

Welcome to [1mUbuntu 16.04.6 LTS[0m!

[    4.151219] systemd[1]: Set hostname to <ubuntu-xenial>.
[    4.295783] systemd[1]: Listening on Device-mapper event daemon FIFOs.
[[0;32m  OK  [0m] Listening on Device-mapper event daemon FIFOs.
[    4.298184] systemd[1]: Listening on LVM2 metadata daemon socket.
[[0;32m  OK  [0m] Listening on LVM2 metadata daemon socket.
[    4.300458] systemd[1]: Listening on udev Kernel Socket.
[[0;32m  OK  [0m] Listening on udev Kernel Socket.
[    4.302475] systemd[1]: Reached target System Time Synchronized.
[[0;32m  OK  [0m] Reached target System Time Synchronized.
[    4.304560] systemd[1]: Reached target Swap.
[[0;32m  OK  [0m] Reached target Swap.
[    4.306522] systemd[1]: Created slice User and Session Slice.
[[0;32m  OK  [0m] Created slice User and Session Slice.
[    4.308559] systemd[1]: Listening on Journal Socket (/dev/log).
[[0;32m  OK  [0m] Listening on Journal Socket (/dev/log).
[    4.310635] systemd[1]: Reached target User and Group Name Lookups.
[[0;32m  OK  [0m] Reached target User and Group Name Lookups.
[  4.373642] systemd[1]: Listening on /dev/initctl Compatibility Named Pipe.
[[0;32m  OK  [0m] Listening on /dev/initctl Compatibility Named Pipe.
[    4.541053] systemd[1]: Listening on Journal Audit Socket.
[[0;32m  OK  [0m] Listening on Journal Audit Socket.
[    4.554414] systemd[1]: Reached target Encrypted Volumes.
[[0;32m  OK  [0m] Reached target Encrypted Volumes.
[  493649] systemd[1]: Listening on Syslog Socket.
[[0;32m  OK  [0m] Listening on Syslog Socket.
[    4.715775] systemd[1]: Started Forward Password Requests to Wall Directory Watch.
[[0;32m  OK  [0m] Started Forward Password Requests to Wall Directory Watch.
[    4.718799] systemd[1]: Listening on udev Control Socket.
[[0;32m  OK  [0m] Listening on udev Control Socket.
[    4.729497] systemd[1]: Listening on Journal Socket.
[[0;32m  OK  [0m] Listening on Journal Socket.
[    4.736711] systemd[1]: Started Trigger resolvconf update for networkd DNS.
[[0;32m  OK  [0m] Started Trigger resolvconf update for networkd DNS.
[    4.739229] systemd[1]: Created slice System Slice.
[[0;32m  OK  [0m] Created slice System Slice.
[    4.749793] systemd[1]: Mounting Huge Pages File System...
         Mounting Huge Pages File System...
[    4.766529] systemd[1]: Starting Monitoring of LVM2 mirrors, snapshots etc. using dmeventd or progress polling...
         Starting Monitoring of LVM2 mirrors... dmeventd or progress polling...
[    4.775564] systemd[1]: Starting Journal Service...
         Starting Journal Service...
[    4.779691] systemd[1]: Mounting Debug File System...
         Mounting Debug File System...
[    4.782221] systemd[1]: Starting Uncomplicated firewall...
         Starting Uncomplicated firewall...
[    4.829882] systemd[1]: Starting Remount Root and Kernel File Systems...
[    4.832915] EXT4-fs (sda1): re-mounted. Opts: (null)
         Starting Remount Root and Kernel File Systems...
[    4.851606] systemd[1]: Created slice system-serial\x2dgetty.slice.
[[0;32m  OK  [0m] Created slice system-serial\x2dgetty.slice.
[    4.853841] systemd[1]: Starting Set console keymap...
         Starting Set console keymap...
[    4.864453] systemd[1]: Mounting POSIX Message Queue File System...
         Mounting POSIX Message Queue File System...
[    4.876784] systemd[1]: Starting Create list of required static device nodes for the current kernel...
         Starting Create list of required st... nodes for the current kernel...
[    4.888628] systemd[1]: Reached target Slices.
[[0;32m  OK  [0m] Reached target Slices.
[    4.891672] systemd[1]: Starting Load Kernel Modules...
         Starting Load Kernel Modules...
[    4.894650] systemd[1]: Starting Nameserver information manager...
         Starting Nameserver information manager...
[    4.897218] systemd[1]: Set up automount Arbitrary Executable File Formats File System Automount Point.
[    4.907198] Loading iSCSI transport class v2.0-870.
[[0;32m  OK  [0m] Set up automount Arbitrary Executab...ats File System Automount Point.
[    4.910129] systemd[1]: Listening on LVM2 poll daemon socket.
[[0;32m  OK  [0m] Listening on LVM2 poll daemon socket.
[    4.913730] systemd[1]: Mounted Debug File System.
[    4.918740] iscsi: registered transport (tcp)
[[0;32m  OK  [0m] Mounted Debug File System.
[    4.920337] systemd[1]: Mounted POSIX Message Queue File System.
[[0;32m  OK  [0m] Mounted POSIX Message Queue File System.
[    4.939092] iscsi: registered transport (iser)
[    4.945992] systemd[1]: Mounted Huge Pages File System.
[[0;32m  OK  [0m] Mounted Huge Pages File System.
[    4.951670] systemd[1]: Started Journal Service.
[[0;32m  OK  [0m] Started Journal Service.
[[0;32m  OK  [0m] Started Uncomplicated firewall.
[[0;32m  OK  [0m] Started Remount Root and Kernel File Systems.
[[0;32m  OK  [0m] Started Set console keymap.
[[0;32m  OK  [0m] Started Create list of required sta...ce nodes for the current kernel.
[[0;32m  OK  [0m] Started Load Kernel Modules.
[[0;32m  OK  [0m] Started Nameserver information manager.
[    4.982362] random: nonblocking pool is initialized
[[0;32m  OK  [0m] Started LVM2 metadata daemon.
         Mounting FUSE Control File System...
         Starting Apply Kernel Variables...
         Starting Create Static Device Nodes in /dev...
         Starting Load/Save Random Seed...
         Starting udev Coldplug all Devices...
         Starting Flush Journal to Persistent Storage...
[[0;32m  OK  [0m] Mounted FUSE Control File System.
[[0;32m  OK  [0m] Started Apply Kernel Variables.
[[0;32m  OK  [0m] Started Create Static Device Nodes in /dev.
[[0;32m  OK  [0m] Started Load/Save Random Seed.
[[0;32m  OK  [0m] Started udev Coldplug all Devices.
[[0;32m  OK  [0m] Started Flush Journal to Persistent Storage.
         Starting udev Kernel Device Manager...
[[0;32m  OK  [0m] Started udev Kernel Device Manager.
[[0;32m  OK  [0m] Started Dispatch Password Requests to Console Directory Watch.
[[0;32m  OK  [0m] Started Monitoring of LVM2 mirrors,...ng dmeventd or progress polling.
[[0;32m  OK  [0m] Reached target Local File Systems (Pre).
[[0;32m  OK  [0m] Reached target Local File Systems.
         Starting Create Volatile Files and Directories...
         Starting LSB: AppArmor initialization...
         Starting Initial cloud-init job (pre-networking)...
         Starting Tell Plymouth To Write Out Runtime Data...
         Starting Set console font and keymap...
[[0;32m  OK  [0m] Started Create Volatile Files and Directories.
[[0;32m  OK  [0m] Started Tell Plymouth To Write Out Runtime Data.
[[0;32m  OK  [0m] Found device /dev/ttyS0.
         Starting Update UTMP about System Boot/Shutdown...
[[0;32m  OK  [0m] Started Set console font and keymap.
[[0;32m  OK  [0m] Started Update UTMP about System Boot/Shutdown.
[[0;32m  OK  [0m] Listening on Load/Save RF Kill Switch Status /dev/rfkill Watch.
[[0;32m  OK  [0m] Created slice system-getty.slice.
[[0;32m  OK  [0m] Found device 82540EM Gigabit Ethern...r (PRO/1000 MT Desktop Adapter).
[[0;32m  OK  [0m] Started LSB: AppArmor initialization.
[[0;32m  OK  [0m] Found device 82540EM Gigabit Ethern...r (PRO/1000 MT Desktop Adapter).
[    5.459207] cloud-init[484]: Cloud-init v. 19.2-36-g059d049c-0ubuntu2~16.04.1 running 'init-local' at Sun, 20 Oct 2019 07:06:11 +0000. Up 5.27 seconds.
[[0;32m  OK  [0m] Started Initial cloud-init job (pre-networking).
[[0;32m  OK  [0m] Reached target Network (Pre).
[[0;32m  OK  [0m] Started ifup for enp0s3.
         Starting Raise network interfaces...
[[0;32m  OK  [0m] Started ifup for enp0s8.
[[0;32m  OK  [0m] Started Raise network interfaces.
[[0;32m  OK  [0m] Reached target Network.
         Starting Initial cloud-init job (metadata service crawler)...
[    6.067131] cloud-init[1073]: Cloud-init v. 19.2-36-g059d049c-0ubuntu2~16.04.1 running 'init' at Sun, 20 Oct 2019 07:06:12 +0000. Up 5.87 seconds.
[    6.069368] cloud-init[1073]: ci-info: ++++++++++++++++++++++++++++++++++++++Net device info+++++++++++++++++++++++++++++++++++++++
[    6.096513] cloud-init[1073]: ci-info: +--------+------+-----------------------------+---------------+--------+-------------------+
[    6.112752] [[0;32m  OK  [0m] Started Initial cloud-init job (metadata service crawler).
cloud-init[1073]: ci-info: | Device |  Up  |           Address           |      Mask     | Scope  |     Hw-Address    |
[    6.132688] [cloud-init[0;32m  OK  [0m[1073]: ci-info: +--------+------+-----------------------------+---------------+--------+-------------------+] 
Reached target Network is Online.
[    6.133123] cloud-init[1073]: ci-info: | enp0s3 | True |          10.0.2.15          | 255.255.255.0 | global | 02:46:62:72:a1:53 |
[    6.161636] cloud-init[1073]: ci-info: | enp0s3 | True |  fe80::46:62ff:fe72:a153/64 |       .       |  link  | 02:46:62:72:a1:53 |
[    6.173619]          Starting iSCSI initiator daemon (iscsid)...
[[0;32m  OK  [0m] Reached target System Initialization.
[[0;32m  OK  [0m] Listening on ACPID Listen Socket.
[[0;32m  OK  [0m] Listening on D-Bus System Message Bus Socket.
cloud-init[1073]: ci-info: | enp0s8 | True |        192.168.33.10        | 255.255.255.0 | global | 08:00:27:71:ff:36 |
[    6.242482]          Starting LXD - unix socket.
cloud-init[1073]: ci-info: | enp0s8 | True | fe80::a00:27ff:fe71:ff36/64 |       .       |  link  | 08:00:27:71:ff:36 |
[    6.264432] [[0;32m  OK  [0m] Started Daily Cleanup of Temporary Directories.
cloud-init[1073]: ci-info: |   lo   | True |          127.0.0.1          |   255.0.0.0   |  host  |         .         |
[[0;32m  OK  [0m] Started ACPI Events Check.
[    6.423401] [cloud-init[0;32m  OK  [0m[1073]: ] ci-info: |   lo   | True |           ::1/128           |       .       |  host  |         .         |Reached target Paths.

[    6.479340] [[0;32m  OK  [0m] Started Clean PHP session files every 30 mins.
[[0;32m  OK  [0m] Started Daily apt download activities.
[[0;32m  OK  [0m] Started Message of the Day.
         Starting Socket activation for snappy daemon.
[[0;32m  OK  [0m] Listening on UUID daemon activation socket.
[[0;32m  OK  [0m] Started Daily apt upgrade and clean activities.
[[0;32m  OK  [0m] Reached target Timers.
[[0;32m  OK  [0m] Reached target Cloud-config availability.
cloud-init[1073]: ci-info: +--------+------+-----------------------------+---------------+--------+-------------------+
[    6.491309] cloud-init[1073]: ci-info: ++++++++++++++++++++++++++++Route IPv4 info++++++++++++++++++++++++++++
[    6.494232] cloud-init[1073]: ci-info: +-------+--------------+----------+---------------+-----------+-------+
[    6.502990] [[0;32m  OK  [0m] Listening on LXD - unix socket.
[[0;32m  OK  [0m] Listening on Socket activation for snappy daemon.
[[0;32m  OK  [0m] Started iSCSI initiator daemon (iscsid).
cloud-init[1073]: ci-info: | Route | Destination  | Gateway  |    Genmask    | Interface | Flags |
[    6.509752] cloud-init[1073]: ci-info: +-------+--------------+----------+---------------+-----------+-------+
[    6.533807]          Starting Login to default iSCSI targets...
[[0;32m  OK  [0m] Reached target Sockets.
[[0;32m  OK  [0m] Reached target Basic System.
[[0;32m  OK  [0m] Started Deferred execution scheduler.
         Starting LSB: MD monitoring daemon...
cloud-init[1073]:          Starting Accounts Service...
ci-info: |   0   |   0.0.0.0    | 10.0.2.2 |    0.0.0.0    |   enp0s3  |   UG  |         Starting /etc/rc.local Compatibility...

[    6.544602] cloud-init[[0;32m  OK  [0m] Started ACPI event daemon.
         Starting vboxadd.service...
         Starting MySQL Community Server...
         Starting Clean php session files...
[1073]: ci-info: |   1   |   10.0.2.0   | 0.0.0.0  | 255.255.255.0 |   enp0s3  |   U   |
[[0;32m  OK  [0m] Started D-Bus System Message Bus.
[    6.581440] cloud-init[1073]: ci-info: |   2   | 192.168.33.0 | 0.0.0.0  | 255.255.255.0 |   enp0s8  |   U   |
[    6.593489] cloud-init[1073]: ci-info: +-------+--------------+----------+---------------+-----------+-------+
[    6.641780] cloud-init[1073]: ci-info: +++++++++++++++++++Route IPv6 info+++++++++++++++++++
[    6.642019] cloud-init[1073]: ci-info: +-------+-------------+---------+-----------+-------+
[    6.642424] cloud-init[1073]: ci-info: | Route | Destination | Gateway | Interface | Flags |
[    6.642604] cloud-init[1073]: ci-info: +-------+-------------+---------+-----------+-------+
[    6.642749] cloud-init[1073]: ci-info: |   0   |  fe80::/64  |    ::   |   enp0s8  |   U   |
[    6.642897] cloud-init[1073]: ci-info: |   1   |  fe80::/64  |    ::   |   enp0s3  |   U   |
[    6.643044] cloud-init[1073]: ci-info: |   4   |   ff00::/8  |    ::   |   enp0s8  |   U   |
[    6.643191] cloud-init[1073]: ci-info: |   5   |   ff00::/8  |    ::   |   enp0s3  |   U   |
[    6.643341] cloud-init[1073]: ci-info: +-------+-------------+---------+-----------+-------+
         Starting Message of the Day...
         Starting OpenBSD Secure Shell server...
         Starting LSB: Record successful boot for GRUB...
         Starting System Logging Service...
         Starting Snappy daemon...
         Starting Login Service...
[[0;32m  OK  [0m] Started FUSE filesystem for LXC.
[[0;32m  OK  [0m] Started Regular background program processing daemon.
         Starting LXD - container startup/shutdown...
[[0;32m  OK  [0m] Started System Logging Service.
[[0;32m  OK  [0m] Started /etc/rc.local Compatibility.
[[0;32m  OK  [0m] Started OpenBSD Secure Shell server.
[[0;32m  OK  [0m] Started Login to default iSCSI targets.
[[0;32m  OK  [0m] Started LXD - container startup/shutdown.
[[0;32m  OK  [0m] Started LSB: MD monitoring daemon.
[[0;32m  OK  [0m] Started LSB: Record successful boot for GRUB.
[[0;32m  OK  [0m] Started Login Service.
[[0;32m  OK  [0m] Started Unattended Upgrades Shutdown.
         Starting Authenticate and Authorize Users to Run Privileged Tasks...
[[0;32m  OK  [0m] Reached target Remote File Systems (Pre).
[[0;32m  OK  [0m] Reached target Remote File Systems.
         Starting LSB: Apache2 web server...
         Starting LSB: Set the CPU Frequency Scaling governor to "ondemand"...
         Starting Permit User Sessions...
         Starting LSB: automatic crash report generation...
         Starting LSB: daemon to balance interrupts for SMP systems...
[[0;32m  OK  [0m] Started Snappy daemon.
[[0;32m  OK  [0m] Started Permit User Sessions.
[[0;32m  OK  [0m] Started Authenticate and Authorize Users to Run Privileged Tasks.
[[0;32m  OK  [0m] Started Accounts Service.
         Starting Terminate Plymouth Boot Screen...
         Starting Hold until boot process finishes up...
         Starting Wait until snapd is fully seeded...
[[0;32m  OK  [0m] Started LSB: Set the CPU Frequency Scaling governor to "ondemand".
[[0;32m  OK  [0m] Started Clean php session files.
[[0;32m  OK  [0m] Started LSB: automatic crash report generation.
[[0;32m  OK  [0m] Started Terminate Plymouth Boot Screen.
[[0;32m  OK  [0m] Started Hold until boot process finishes up.
[[0;32m  OK  [0m] Started Wait until snapd is fully seeded.
         Starting Apply the settings specified in cloud-config...
         Starting Set console scheme...
[[0;32m  OK  [0m] Started Serial Getty on ttyS0.
[[0;32m  OK  [0m] Started Getty on tty1.
[[0;32m  OK  [0m] Reached target Login Prompts.
[[0;32m  OK  [0m] Started LSB: daemon to balance interrupts for SMP systems.
[[0;32m  OK  [0m] Started Set console scheme.
[    7.867538] cloud-init[1458]: Cloud-init v. 19.2-36-g059d049c-0ubuntu2~16.04.1 running 'modules:config' at Sun, 20 Oct 2019 07:06:13 +0000. Up 7.70 seconds.
[[0;32m  OK  [0m] Started Apply the settings specified in cloud-config.
[[0;32m  OK  [0m] Started vboxadd.service.
         Starting vboxadd-service.service...
[[0;32m  OK  [0m] Started vboxadd-service.service.
[[0;32m  OK  [0m] Started Message of the Day.
[[0;32m  OK  [0m] Started LSB: Apache2 web server.
[[0;32m  OK  [0m] Started MySQL Community Server.
[[0;32m  OK  [0m] Reached target Multi-User System.
         Starting Execute cloud user/final scripts...
[[0;32m  OK  [0m] Reached target Graphical Interface.
         Starting Update UTMP about System Runlevel Changes...
[[0;32m  OK  [0m] Started Update UTMP about System Runlevel Changes.
[    9.233754] cloud-init[1592]: Cloud-init v. 19.2-36-g059d049c-0ubuntu2~16.04.1 running 'modules:final' at Sun, 20 Oct 2019 07:06:15 +0000. Up 9.16 seconds.
[    9.235600] cloud-init[1592]: Cloud-init v. 19.2-36-g059d049c-0ubuntu2~16.04.1 finished at Sun, 20 Oct 2019 07:06:15 +0000. Datasource DataSourceNoCloud [seed=/dev/sdb][dsmode=net].  Up 9.22 seconds
[[0;32m  OK  [0m] Started Execute cloud user/final scripts.
[[0;32m  OK  [0m] Reached target Cloud-init target.

Ubuntu 16.04.6 LTS ubuntu-xenial ttyS0

ubuntu-xenial login: 